0 info it worked if it ends with ok
1 verbose cli [ '/Users/kenneth/.nvm/versions/node/v5.12.0/bin/node',
1 verbose cli   '/Users/kenneth/.nvm/versions/node/v5.12.0/bin/npm',
1 verbose cli   'test' ]
2 info using npm@3.8.6
3 info using node@v5.12.0
4 verbose stack Error: ENOENT: no such file or directory, open '/Users/kenneth/dev/inky/package.json'
4 verbose stack     at Error (native)
5 verbose cwd /Users/kenneth/dev/inky
6 error Darwin 16.7.0
7 error argv "/Users/kenneth/.nvm/versions/node/v5.12.0/bin/node" "/Users/kenneth/.nvm/versions/node/v5.12.0/bin/npm" "test"
8 error node v5.12.0
9 error npm  v3.8.6
10 error path /Users/kenneth/dev/inky/package.json
11 error code ENOENT
12 error errno -2
13 error syscall open
14 error enoent ENOENT: no such file or directory, open '/Users/kenneth/dev/inky/package.json'
15 error enoent ENOENT: no such file or directory, open '/Users/kenneth/dev/inky/package.json'
15 error enoent This is most likely not a problem with npm itself
15 error enoent and is related to npm not being able to find a file.
16 verbose exit [ -2, true ]
